<?xml version="1.0" ?>
<coverage version="7.10.7" timestamp="1777351933664" lines-valid="5823" lines-covered="1622" line-rate="0.2786" branches-valid="2042" branches-covered="389" branch-rate="0.1905" complexity="0">
	<!-- Generated by coverage.py: https://coverage.readthedocs.io/en/7.10.7 -->
	<!-- Based on https://raw.githubusercontent.com/cobertura/web/master/htdocs/xml/coverage-04.dtd -->
	<sources>
		<source>/Users/lin/trae_projects/carrymem</source>
	</sources>
	<packages>
		<package name="src.memory_classification_engine" line-rate="0.2382" branch-rate="0.1693" complexity="0">
			<classes>
				<class name="__init__.py" filename="src/memory_classification_engine/__init__.py" complexity="0" line-rate="0.5769" branch-rate="1">
					<methods/>
					<lines>
						<line number="22" hits="1"/>
						<line number="23" hits="1"/>
						<line number="24" hits="1"/>
						<line number="25" hits="1"/>
						<line number="26" hits="1"/>
						<line number="27" hits="1"/>
						<line number="29" hits="1"/>
						<line number="30" hits="1"/>
						<line number="31" hits="1"/>
						<line number="32" hits="0"/>
						<line number="33" hits="0"/>
						<line number="34" hits="0"/>
						<line number="37" hits="1"/>
						<line number="38" hits="1"/>
						<line number="45" hits="0"/>
						<line number="46" hits="0"/>
						<line number="47" hits="0"/>
						<line number="48" hits="0"/>
						<line number="49" hits="0"/>
						<line number="50" hits="0"/>
						<line number="52" hits="1"/>
						<line number="53" hits="1"/>
						<line number="54" hits="0"/>
						<line number="55" hits="0"/>
						<line number="57" hits="1"/>
						<line number="59" hits="1"/>
					</lines>
				</class>
				<class name="__main__.py" filename="src/memory_classification_engine/__main__.py" complexity="0" line-rate="0" branch-rate="0">
					<methods/>
					<lines>
						<line number="1" hits="0"/>
						<line number="2" hits="0"/>
						<line number="5" hits="0"/>
						<line number="6" hits="0"/>
						<line number="11" hits="0"/>
						<line number="13" hits="0"/>
						<line number="14" hits="0"/>
						<line number="15" hits="0"/>
						<line number="17" hits="0"/>
						<line number="19" hits="0"/>
						<line number="21" hits="0"/>
						<line number="23" hits="0" branch="true" condition-coverage="0% (0/2)" missing-branches="24,36"/>
						<line number="24" hits="0"/>
						<line number="25" hits="0"/>
						<line number="26" hits="0"/>
						<line number="28" hits="0" branch="true" condition-coverage="0% (0/2)" missing-branches="29,30"/>
						<line number="29" hits="0"/>
						<line number="30" hits="0" branch="true" condition-coverage="0% (0/2)" missing-branches="31,33"/>
						<line number="31" hits="0"/>
						<line number="33" hits="0"/>
						<line number="34" hits="0"/>
						<line number="36" hits="0" branch="true" condition-coverage="0% (0/2)" missing-branches="37,40"/>
						<line number="37" hits="0"/>
						<line number="38" hits="0"/>
						<line number="40" hits="0" branch="true" condition-coverage="0% (0/2)" missing-branches="41,44"/>
						<line number="41" hits="0"/>
						<line number="44" hits="0"/>
						<line number="45" hits="0"/>
						<line number="48" hits="0"/>
						<line number="49" hits="0"/>
						<line number="51" hits="0"/>
						<line number="52" hits="0"/>
						<line number="53" hits="0"/>
						<line number="54" hits="0"/>
						<line number="55" hits="0"/>
						<line number="57" hits="0"/>
						<line number="58" hits="0"/>
						<line number="59" hits="0"/>
						<line number="60" hits="0"/>
						<line number="62" hits="0"/>
						<line number="71" hits="0"/>
						<line number="72" hits="0" branch="true" condition-coverage="0% (0/2)" missing-branches="73,76"/>
						<line number="73" hits="0"/>
						<line number="74" hits="0"/>
						<line number="75" hits="0"/>
						<line number="76" hits="0"/>
						<line number="78" hits="0"/>
						<line number="79" hits="0"/>
						<line number="80" hits="0"/>
						<line number="81" hits="0" branch="true" condition-coverage="0% (0/2)" missing-branches="82,83"/>
						<line number="82" hits="0"/>
						<line number="83" hits="0"/>
						<line number="85" hits="0"/>
						<line number="86" hits="0"/>
						<line number="87" hits="0"/>
						<line number="88" hits="0" branch="true" condition-coverage="0% (0/2)" missing-branches="89,90"/>
						<line number="89" hits="0"/>
						<line number="90" hits="0"/>
						<line number="92" hits="0"/>
						<line number="93" hits="0"/>
						<line number="94" hits="0"/>
						<line number="95" hits="0" branch="true" condition-coverage="0% (0/2)" missing-branches="96,97"/>
						<line number="96" hits="0"/>
						<line number="97" hits="0"/>
						<line number="99" hits="0"/>
						<line number="100" hits="0"/>
						<line number="101" hits="0"/>
						<line number="102" hits="0"/>
						<line number="104" hits="0"/>
						<line number="105" hits="0"/>
						<line number="106" hits="0"/>
						<line number="107" hits="0"/>
						<line number="109" hits="0"/>
						<line number="110" hits="0"/>
						<line number="111" hits="0"/>
					</lines>
				</class>
				<class name="__version__.py" filename="src/memory_classification_engine/__version__.py" complexity="0" line-rate="1" branch-rate="1">
					<methods/>
					<lines>
						<line number="1" hits="1"/>
					</lines>
				</class>
				<class name="async_carrymem.py" filename="src/memory_classification_engine/async_carrymem.py" complexity="0" line-rate="0.5306" branch-rate="1">
					<methods/>
					<lines>
						<line number="16" hits="1"/>
						<line number="17" hits="1"/>
						<line number="19" hits="1"/>
						<line number="20" hits="1"/>
						<line number="23" hits="1"/>
						<line number="26" hits="1"/>
						<line number="35" hits="0"/>
						<line number="43" hits="0"/>
						<line number="45" hits="1"/>
						<line number="46" hits="0"/>
						<line number="48" hits="1"/>
						<line number="54" hits="0"/>
						<line number="56" hits="1"/>
						<line number="62" hits="0"/>
						<line number="64" hits="1"/>
						<line number="70" hits="0"/>
						<line number="72" hits="1"/>
						<line number="73" hits="0"/>
						<line number="75" hits="1"/>
						<line number="76" hits="0"/>
						<line number="78" hits="1"/>
						<line number="83" hits="0"/>
						<line number="85" hits="1"/>
						<line number="86" hits="0"/>
						<line number="88" hits="1"/>
						<line number="96" hits="0"/>
						<line number="100" hits="1"/>
						<line number="108" hits="0"/>
						<line number="112" hits="1"/>
						<line number="118" hits="0"/>
						<line number="120" hits="1"/>
						<line number="127" hits="0"/>
						<line number="129" hits="1"/>
						<line number="135" hits="0"/>
						<line number="137" hits="1"/>
						<line number="138" hits="0"/>
						<line number="140" hits="1"/>
						<line number="141" hits="0"/>
						<line number="143" hits="1"/>
						<line number="144" hits="0"/>
						<line number="146" hits="1"/>
						<line number="154" hits="0"/>
						<line number="156" hits="1"/>
						<line number="157" hits="0"/>
						<line number="159" hits="1"/>
						<line number="160" hits="0"/>
						<line number="162" hits="1"/>
						<line number="163" hits="0"/>
						<line number="164" hits="0"/>
					</lines>
				</class>
				<class name="backup.py" filename="src/memory_classification_engine/backup.py" complexity="0" line-rate="0" branch-rate="0">
					<methods/>
					<lines>
						<line number="13" hits="0"/>
						<line number="14" hits="0"/>
						<line number="15" hits="0"/>
						<line number="16" hits="0"/>
						<line number="17" hits="0"/>
						<line number="20" hits="0"/>
						<line number="23" hits="0"/>
						<line number="29" hits="0"/>
						<line number="30" hits="0"/>
						<line number="32" hits="0" branch="true" condition-coverage="0% (0/2)" missing-branches="33,35"/>
						<line number="33" hits="0"/>
						<line number="35" hits="0"/>
						<line number="36" hits="0"/>
						<line number="38" hits="0"/>
						<line number="39" hits="0"/>
						<line number="40" hits="0"/>
						<line number="41" hits="0"/>
						<line number="42" hits="0"/>
						<line number="44" hits="0"/>
						<line number="45" hits="0"/>
						<line number="46" hits="0" branch="true" condition-coverage="0% (0/2)" missing-branches="exit,47"/>
						<line number="47" hits="0"/>
						<line number="49" hits="0"/>
						<line number="50" hits="0"/>
						<line number="51" hits="0"/>
						<line number="52" hits="0"/>
						<line number="54" hits="0" branch="true" condition-coverage="0% (0/2)" missing-branches="55,57"/>
						<line number="55" hits="0"/>
						<line number="57" hits="0" branch="true" condition-coverage="0% (0/2)" missing-branches="58,60"/>
						<line number="58" hits="0"/>
						<line number="60" hits="0"/>
						<line number="61" hits="0"/>
						<line number="62" hits="0"/>
						<line number="63" hits="0"/>
						<line number="64" hits="0"/>
						<line number="65" hits="0"/>
						<line number="66" hits="0"/>
						<line number="68" hits="0"/>
						<line number="69" hits="0"/>
						<line number="70" hits="0"/>
						<line number="72" hits="0"/>
						<line number="73" hits="0"/>
						<line number="74" hits="0"/>
						<line number="75" hits="0"/>
						<line number="77" hits="0"/>
						<line number="79" hits="0"/>
						<line number="81" hits="0"/>
						<line number="82" hits="0" branch="true" condition-coverage="0% (0/2)" missing-branches="83,85"/>
						<line number="83" hits="0"/>
						<line number="85" hits="0"/>
						<line number="86" hits="0"/>
						<line number="87" hits="0"/>
						<line number="88" hits="0"/>
						<line number="89" hits="0"/>
						<line number="90" hits="0"/>
						<line number="92" hits="0" branch="true" condition-coverage="0% (0/2)" missing-branches="93,95"/>
						<line number="93" hits="0"/>
						<line number="95" hits="0"/>
						<line number="96" hits="0" branch="true" condition-coverage="0% (0/2)" missing-branches="97,99"/>
						<line number="97" hits="0"/>
						<line number="99" hits="0"/>
						<line number="100" hits="0"/>
						<line number="101" hits="0"/>
						<line number="102" hits="0" branch="true" condition-coverage="0% (0/2)" missing-branches="103,104"/>
						<line number="103" hits="0"/>
						<line number="104" hits="0"/>
						<line number="106" hits="0" branch="true" condition-coverage="0% (0/2)" missing-branches="exit,107"/>
						<line number="107" hits="0"/>
						<line number="108" hits="0"/>
						<line number="109" hits="0"/>
						<line number="110" hits="0"/>
						<line number="112" hits="0"/>
						<line number="113" hits="0" branch="true" condition-coverage="0% (0/2)" missing-branches="114,116"/>
						<line number="114" hits="0"/>
						<line number="116" hits="0"/>
						<line number="117" hits="0" branch="true" condition-coverage="0% (0/2)" missing-branches="118,144"/>
						<line number="118" hits="0" branch="true" condition-coverage="0% (0/2)" missing-branches="117,119"/>
						<line number="119" hits="0"/>
						<line number="120" hits="0"/>
						<line number="121" hits="0"/>
						<line number="122" hits="0"/>
						<line number="124" hits="0"/>
						<line number="125" hits="0"/>
						<line number="126" hits="0"/>
						<line number="127" hits="0"/>
						<line number="128" hits="0"/>
						<line number="129" hits="0"/>
						<line number="130" hits="0"/>
						<line number="132" hits="0"/>
						<line number="141" hits="0"/>
						<line number="142" hits="0"/>
						<line number="144" hits="0"/>
						<line number="145" hits="0"/>
						<line number="147" hits="0"/>
						<line number="148" hits="0"/>
						<line number="149" hits="0" branch="true" condition-coverage="0% (0/2)" missing-branches="150,152"/>
						<line number="150" hits="0"/>
						<line number="152" hits="0"/>
						<line number="153" hits="0"/>
						<line number="154" hits="0" branch="true" condition-coverage="0% (0/2)" missing-branches="155,161"/>
						<line number="155" hits="0"/>
						<line number="156" hits="0"/>
						<line number="157" hits="0"/>
						<line number="158" hits="0"/>
						<line number="159" hits="0"/>
						<line number="161" hits="0"/>
					</lines>
				</class>
				<class name="cache.py" filename="src/memory_classification_engine/cache.py" complexity="0" line-rate="0.7761" branch-rate="0.5">
					<methods/>
					<lines>
						<line number="13" hits="1"/>
						<line number="14" hits="1"/>
						<line number="15" hits="1"/>
						<line number="16" hits="1"/>
						<line number="17" hits="1"/>
						<line number="18" hits="1"/>
						<line number="20" hits="1"/>
						<line number="23" hits="1"/>
						<line number="24" hits="1"/>
						<line number="26" hits="1"/>
						<line number="27" hits="1"/>
						<line number="28" hits="1"/>
						<line number="29" hits="1"/>
						<line number="32" hits="1"/>
						<line number="35" hits="1"/>
						<line number="36" hits="1"/>
						<line number="37" hits="1"/>
						<line number="38" hits="1"/>
						<line number="39" hits="1"/>
						<line number="40" hits="1"/>
						<line number="41" hits="1"/>
						<line number="43" hits="1"/>
						<line number="44" hits="1"/>
						<line number="50" hits="1"/>
						<line number="51" hits="1"/>
						<line number="52" hits="1"/>
						<line number="54" hits="1"/>
						<line number="61" hits="1"/>
						<line number="62" hits="1"/>
						<line number="63" hits="1"/>
						<line number="64" hits="1" branch="true" condition-coverage="100% (2/2)"/>
						<line number="65" hits="1"/>
						<line number="66" hits="1"/>
						<line number="67" hits="1" branch="true" condition-coverage="50% (1/2)" missing-branches="68"/>
						<line number="68" hits="0"/>
						<line number="69" hits="0"/>
						<line number="70" hits="0"/>
						<line number="71" hits="1"/>
						<line number="72" hits="1"/>
						<line number="73" hits="1"/>
						<line number="75" hits="1"/>
						<line number="83" hits="1"/>
						<line number="84" hits="1"/>
						<line number="85" hits="1"/>
						<line number="86" hits="1"/>
						<line number="87" hits="1"/>
						<line number="88" hits="1" branch="true" condition-coverage="50% (1/2)" missing-branches="89"/>
						<line number="89" hits="0"/>
						<line number="91" hits="1"/>
						<line number="92" hits="1"/>
						<line number="93" hits="1" branch="true" condition-coverage="50% (1/2)" missing-branches="96"/>
						<line number="94" hits="1"/>
						<line number="95" hits="1"/>
						<line number="96" hits="0"/>
						<line number="100" hits="0" branch="true" condition-coverage="0% (0/2)" missing-branches="exit,101"/>
						<line number="101" hits="0"/>
						<line number="103" hits="1"/>
						<line number="104" hits="0"/>
						<line number="105" hits="0"/>
						<line number="106" hits="0"/>
						<line number="107" hits="0"/>
						<line number="109" hits="1"/>
						<line number="110" hits="1"/>
						<line number="111" hits="0"/>
						<line number="112" hits="0"/>
						<line number="113" hits="0"/>
						<line number="114" hits="0"/>
					</lines>
				</class>
				<class name="carrymem.py" filename="src/memory_classification_engine/carrymem.py" complexity="0" line-rate="0.2788" branch-rate="0.1322">
					<methods/>
					<lines>
						<line number="24" hits="1"/>
						<line number="25" hits="1"/>
						<line number="26" hits="1"/>
						<line number="27" hits="1"/>
						<line number="28" hits="1"/>
						<line number="30" hits="1"/>
						<line number="31" hits="1"/>
						<line number="32" hits="1"/>
						<line number="33" hits="1"/>
						<line number="36" hits="1"/>
						<line number="37" hits="0"/>
						<line number="38" hits="0" branch="true" condition-coverage="0% (0/2)" missing-branches="39,40"/>
						<line number="39" hits="0"/>
						<line number="40" hits="0"/>
						<line number="43" hits="1"/>
						<line number="44" hits="1"/>
						<line number="45" hits="1"/>
						<line number="50" hits="1"/>
						<line number="51" hits="1"/>
						<line number="58" hits="1"/>
						<line number="59" hits="1"/>
						<line number="60" hits="0"/>
						<line number="67" hits="1"/>
						<line number="68" hits="1"/>
						<line number="69" hits="0"/>
						<line number="76" hits="1"/>
						<line number="83" hits="1"/>
						<line number="92" hits="1"/>
						<line number="93" hits="1"/>
						<line number="95" hits="1" branch="true" condition-coverage="50% (1/2)" missing-branches="96"/>
						<line number="96" hits="0"/>
						<line number="97" hits="1" branch="true" condition-coverage="50% (1/2)" missing-branches="102"/>
						<line number="98" hits="1"/>
						<line number="102" hits="0" branch="true" condition-coverage="0% (0/2)" missing-branches="103,104"/>
						<line number="103" hits="0"/>
						<line number="104" hits="0" branch="true" condition-coverage="0% (0/2)" missing-branches="105,117"/>
						<line number="105" hits="0"/>
						<line number="106" hits="0" branch="true" condition-coverage="0% (0/2)" missing-branches="107,112"/>
						<line number="107" hits="0"/>
						<line number="112" hits="0" branch="true" condition-coverage="0% (0/2)" missing-branches="113,115"/>
						<line number="113" hits="0"/>
						<line number="115" hits="0"/>
						<line number="117" hits="0"/>
						<line number="122" hits="1"/>
						<line number="124" hits="1"/>
						<line number="125" hits="1" branch="true" condition-coverage="50% (1/2)" missing-branches="127"/>
						<line number="126" hits="1"/>
						<line number="127" hits="1" branch="true" condition-coverage="50% (1/2)" missing-branches="128"/>
						<line number="128" hits="0"/>
						<line number="130" hits="1"/>
						<line number="131" hits="0" branch="true" condition-coverage="0% (0/2)" missing-branches="exit,132"/>
						<line number="132" hits="0"/>
						<line number="134" hits="1"/>
						<line number="135" hits="0" branch="true" condition-coverage="0% (0/2)" missing-branches="136,138"/>
						<line number="136" hits="0"/>
						<line number="138" hits="0"/>
						<line number="139" hits="0"/>
						<line number="140" hits="0" branch="true" condition-coverage="0% (0/2)" missing-branches="141,143"/>
						<line number="141" hits="0"/>
						<line number="143" hits="0"/>
						<line number="144" hits="0"/>
						<line number="145" hits="0"/>
						<line number="146" hits="0"/>
						<line number="147" hits="0"/>
						<line number="148" hits="0"/>
						<line number="150" hits="1"/>
						<line number="151" hits="0" branch="true" condition-coverage="0% (0/2)" missing-branches="152,154"/>
						<line number="152" hits="0"/>
						<line number="154" hits="0"/>
						<line number="155" hits="0"/>
						<line number="156" hits="0"/>
						<line number="157" hits="0"/>
						<line number="159" hits="1"/>
						<line number="160" hits="0" branch="true" condition-coverage="0% (0/2)" missing-branches="161,163"/>
						<line number="161" hits="0"/>
						<line number="163" hits="0"/>
						<line number="164" hits="0"/>
						<line number="165" hits="0" branch="true" condition-coverage="0% (0/2)" missing-branches="166,168"/>
						<line number="166" hits="0"/>
						<line number="168" hits="0"/>
						<line number="169" hits="0"/>
						<line number="170" hits="0"/>
						<line number="171" hits="0"/>
						<line number="172" hits="0"/>
						<line number="173" hits="0"/>
						<line number="175" hits="1"/>
						<line number="183" hits="0" branch="true" condition-coverage="0% (0/2)" missing-branches="184,186"/>
						<line number="184" hits="0"/>
						<line number="186" hits="0" branch="true" condition-coverage="0% (0/2)" missing-branches="187,189"/>
						<line number="187" hits="0"/>
						<line number="189" hits="0"/>
						<line number="198" hits="1"/>
						<line number="204" hits="0"/>
						<line number="206" hits="0" branch="true" condition-coverage="0% (0/2)" missing-branches="207,209"/>
						<line number="207" hits="0"/>
						<line number="209" hits="0" branch="true" condition-coverage="0% (0/2)" missing-branches="210,212"/>
						<line number="210" hits="0"/>
						<line number="212" hits="0"/>
						<line number="213" hits="0"/>
						<line number="214" hits="0" branch="true" condition-coverage="0% (0/2)" missing-branches="215,218"/>
						<line number="215" hits="0"/>
						<line number="216" hits="0"/>
						<line number="218" hits="0"/>
						<line number="219" hits="0"/>
						<line number="224" hits="0"/>
						<line number="226" hits="0"/>
						<line number="235" hits="1"/>
						<line number="241" hits="0" branch="true" condition-coverage="0% (0/2)" missing-branches="242,244"/>
						<line number="242" hits="0"/>
						<line number="244" hits="0" branch="true" condition-coverage="0% (0/2)" missing-branches="245,247"/>
						<line number="245" hits="0"/>
						<line number="247" hits="0"/>
						<line number="248" hits="0" branch="true" condition-coverage="0% (0/2)" missing-branches="249,251"/>
						<line number="249" hits="0"/>
						<line number="251" hits="0" branch="true" condition-coverage="0% (0/2)" missing-branches="252,254"/>
						<line number="252" hits="0"/>
						<line number="254" hits="0"/>
						<line number="261" hits="1"/>
						<line number="265" hits="0" branch="true" condition-coverage="0% (0/2)" missing-branches="266,268"/>
						<line number="266" hits="0"/>
						<line number="268" hits="0" branch="true" condition-coverage="0% (0/2)" missing-branches="269,271"/>
						<line number="269" hits="0"/>
						<line number="271" hits="0"/>
						<line number="273" hits="1"/>
						<line number="278" hits="0" branch="true" condition-coverage="0% (0/2)" missing-branches="279,281"/>
						<line number="279" hits="0"/>
						<line number="281" hits="0" branch="true" condition-coverage="0% (0/2)" missing-branches="282,284"/>
						<line number="282" hits="0"/>
						<line number="284" hits="0"/>
						<line number="285" hits="0" branch="true" condition-coverage="0% (0/2)" missing-branches="286,288"/>
						<line number="286" hits="0"/>
						<line number="288" hits="0" branch="true" condition-coverage="0% (0/2)" missing-branches="289,291"/>
						<line number="289" hits="0"/>
						<line number="291" hits="0"/>
						<line number="298" hits="1"/>
						<line number="299" hits="0"/>
						<line number="301" hits="1"/>
						<line number="302" hits="0"/>
						<line number="303" hits="0"/>
						<line number="305" hits="1"/>
						<line number="306" hits="1"/>
						<line number="307" hits="0"/>
						<line number="309" hits="1"/>
						<line number="310" hits="1"/>
						<line number="311" hits="0"/>
						<line number="313" hits="1"/>
						<line number="314" hits="1"/>
						<line number="315" hits="0"/>
						<line number="317" hits="1"/>
						<line number="318" hits="1"/>
						<line number="319" hits="0"/>
						<line number="321" hits="1"/>
						<line number="322" hits="1"/>
						<line number="323" hits="0"/>
						<line number="325" hits="1"/>
						<line number="326" hits="0" branch="true" condition-coverage="0% (0/2)" missing-branches="327,329"/>
						<line number="327" hits="0"/>
						<line number="329" hits="0" branch="true" condition-coverage="0% (0/2)" missing-branches="330,332"/>
						<line number="330" hits="0"/>
						<line number="332" hits="0"/>
						<line number="334" hits="1"/>
						<line number="340" hits="0" branch="true" condition-coverage="0% (0/2)" missing-branches="341,343"/>
						<line number="341" hits="0"/>
						<line number="343" hits="0"/>
						<line number="344" hits="0" branch="true" condition-coverage="0% (0/2)" missing-branches="345,346"/>
						<line number="345" hits="0"/>
						<line number="346" hits="0"/>
						<line number="348" hits="1"/>
						<line number="355" hits="0"/>
						<line number="356" hits="0"/>
						<line number="358" hits="0" branch="true" condition-coverage="0% (0/2)" missing-branches="359,371"/>
						<line number="359" hits="0"/>
						<line number="360" hits="0" branch="true" condition-coverage="0% (0/2)" missing-branches="361,366"/>
						<line number="361" hits="0"/>
						<line number="364" hits="0"/>
						<line number="366" hits="0"/>
						<line number="367" hits="0"/>
						<line number="368" hits="0"/>
						<line number="369" hits="0"/>
						<line number="371" hits="0" branch="true" condition-coverage="0% (0/2)" missing-branches="372,378"/>
						<line number="372" hits="0"/>
						<line number="373" hits="0"/>
						<line number="374" hits="0"/>
						<line number="375" hits="0"/>
						<line number="376" hits="0"/>
						<line number="378" hits="0"/>
						<line number="388" hits="1"/>
						<line number="394" hits="0"/>
						<line number="395" hits="0"/>
						<line number="396" hits="0"/>
						<line number="397" hits="0"/>
						<line number="399" hits="0"/>
						<line number="400" hits="0"/>
						<line number="401" hits="0" branch="true" condition-coverage="0% (0/2)" missing-branches="402,416"/>
						<line number="402" hits="0"/>
						<line number="414" hits="0"/>
						<line number="416" hits="0"/>
						<line number="425" hits="1"/>
						<line number="431" hits="0" branch="true" condition-coverage="0% (0/2)" missing-branches="432,434"/>
						<line number="432" hits="0"/>
						<line number="434" hits="0" branch="true" condition-coverage="0% (0/2)" missing-branches="435,437"/>
						<line number="435" hits="0"/>
						<line number="437" hits="0" branch="true" condition-coverage="0% (0/2)" missing-branches="438,440"/>
						<line number="438" hits="0"/>
						<line number="440" hits="0"/>
						<line number="442" hits="0" branch="true" condition-coverage="0% (0/2)" missing-branches="443,449"/>
						<line number="443" hits="0"/>
						<line number="449" hits="0"/>
						<line number="450" hits="0"/>
						<line number="451" hits="0" branch="true" condition-coverage="0% (0/2)" missing-branches="452,458"/>
						<line number="452" hits="0"/>
						<line number="453" hits="0" branch="true" condition-coverage="0% (0/2)" missing-branches="451,454"/>
						<line number="454" hits="0"/>
						<line number="455" hits="0"/>
						<line number="456" hits="0"/>
						<line number="458" hits="0"/>
						<line number="466" hits="1"/>
						<line number="472" hits="0" branch="true" condition-coverage="0% (0/2)" missing-branches="473,475"/>
						<line number="473" hits="0"/>
						<line number="475" hits="0"/>
						<line number="476" hits="0"/>
						<line number="477" hits="0"/>
						<line number="478" hits="0"/>
						<line number="480" hits="1"/>
						<line number="481" hits="0" branch="true" condition-coverage="0% (0/2)" missing-branches="482,484"/>
						<line number="482" hits="0"/>
						<line number="484" hits="0"/>
						<line number="485" hits="0"/>
						<line number="487" hits="1"/>
						<line number="488" hits="0" branch="true" condition-coverage="0% (0/2)" missing-branches="489,491"/>
						<line number="489" hits="0"/>
						<line number="491" hits="0"/>
						<line number="493" hits="1"/>
						<line number="498" hits="1" branch="true" condition-coverage="50% (1/2)" missing-branches="499"/>
						<line number="499" hits="0"/>
						<line number="501" hits="1"/>
						<line number="502" hits="1"/>
						<line number="504" hits="1" branch="true" condition-coverage="50% (1/2)" missing-branches="505"/>
						<line number="505" hits="0"/>
						<line number="516" hits="0"/>
						<line number="518" hits="1"/>
						<line number="519" hits="1" branch="true" condition-coverage="100% (2/2)"/>
						<line number="520" hits="1"/>
						<line number="532" hits="1"/>
						<line number="533" hits="1"/>
						<line number="535" hits="1"/>
						<line number="536" hits="1"/>
						<line number="537" hits="1" branch="true" condition-coverage="100% (2/2)"/>
						<line number="538" hits="1"/>
						<line number="539" hits="1"/>
						<line number="540" hits="1"/>
						<line number="542" hits="1"/>
						<line number="553" hits="1"/>
						<line number="558" hits="0"/>
						<line number="560" hits="1"/>
						<line number="561" hits="0" branch="true" condition-coverage="0% (0/2)" missing-branches="562,569"/>
						<line number="562" hits="0"/>
						<line number="569" hits="0"/>
						<line number="570" hits="0"/>
						<line number="572" hits="1"/>
						<line number="573" hits="0" branch="true" condition-coverage="0% (0/2)" missing-branches="574,576"/>
						<line number="574" hits="0"/>
						<line number="576" hits="0"/>
						<line number="577" hits="0"/>
						<line number="578" hits="0"/>
						<line number="580" hits="0" branch="true" condition-coverage="0% (0/2)" missing-branches="581,587"/>
						<line number="581" hits="0"/>
						<line number="587" hits="0"/>
						<line number="588" hits="0"/>
						<line number="590" hits="0"/>
						<line number="591" hits="0"/>
						<line number="592" hits="0"/>
						<line number="594" hits="0"/>
						<line number="595" hits="0"/>
						<line number="596" hits="0"/>
						<line number="598" hits="0"/>
						<line number="599" hits="0"/>
						<line number="601" hits="0"/>
						<line number="602" hits="0" branch="true" condition-coverage="0% (0/2)" missing-branches="603,604"/>
						<line number="603" hits="0"/>
						<line number="604" hits="0" branch="true" condition-coverage="0% (0/2)" missing-branches="605,606"/>
						<line number="605" hits="0"/>
						<line number="606" hits="0" branch="true" condition-coverage="0% (0/2)" missing-branches="607,609"/>
						<line number="607" hits="0"/>
						<line number="609" hits="0"/>
						<line number="611" hits="0"/>
						<line number="623" hits="1"/>
						<line number="624" hits="0"/>
						<line number="625" hits="0"/>
						<line number="627" hits="0"/>
						<line number="645" hits="0" branch="true" condition-coverage="0% (0/2)" missing-branches="646,651"/>
						<line number="646" hits="0"/>
						<line number="647" hits="0"/>
						<line number="648" hits="0"/>
						<line number="649" hits="0"/>
						<line number="651" hits="0"/>
						<line number="653" hits="1"/>
						<line number="669" hits="0" branch="true" condition-coverage="0% (0/2)" missing-branches="670,672"/>
						<line number="670" hits="0"/>
						<line number="672" hits="0" branch="true" condition-coverage="0% (0/2)" missing-branches="673,675"/>
						<line number="673" hits="0"/>
						<line number="675" hits="0"/>
						<line number="676" hits="0"/>
						<line number="677" hits="0"/>
						<line number="678" hits="0"/>
						<line number="680" hits="0"/>
						<line number="682" hits="0" branch="true" condition-coverage="0% (0/2)" missing-branches="683,685"/>
						<line number="683" hits="0"/>
						<line number="685" hits="0"/>
						<line number="697" hits="0" branch="true" condition-coverage="0% (0/2)" missing-branches="698,735"/>
						<line number="698" hits="0"/>
						<line number="706" hits="0"/>
						<line number="707" hits="0" branch="true" condition-coverage="0% (0/2)" missing-branches="708,712"/>
						<line number="708" hits="0"/>
						<line number="709" hits="0"/>
						<line number="710" hits="0"/>
						<line number="712" hits="0" branch="true" condition-coverage="0% (0/2)" missing-branches="713,722"/>
						<line number="713" hits="0"/>
						<line number="714" hits="0"/>
						<line number="715" hits="0" branch="true" condition-coverage="0% (0/2)" missing-branches="716,720"/>
						<line number="716" hits="0"/>
						<line number="717" hits="0"/>
						<line number="718" hits="0"/>
						<line number="719" hits="0"/>
						<line number="720" hits="0"/>
						<line number="722" hits="0"/>
						<line number="723" hits="0" branch="true" condition-coverage="0% (0/2)" missing-branches="724,726"/>
						<line number="724" hits="0"/>
						<line number="725" hits="0"/>
						<line number="726" hits="0"/>
						<line number="735" hits="0"/>
						<line number="736" hits="0" branch="true" condition-coverage="0% (0/2)" missing-branches="737,740"/>
						<line number="737" hits="0"/>
						<line number="738" hits="0"/>
						<line number="740" hits="0"/>
						<line number="749" hits="1"/>
						<line number="767" hits="0" branch="true" condition-coverage="0% (0/2)" missing-branches="768,770"/>
						<line number="768" hits="0"/>
						<line number="770" hits="0" branch="true" condition-coverage="0% (0/2)" missing-branches="771,773"/>
						<line number="771" hits="0"/>
						<line number="773" hits="0" branch="true" condition-coverage="0% (0/2)" missing-branches="774,776"/>
						<line number="774" hits="0"/>
						<line number="775" hits="0"/>
						<line number="776" hits="0" branch="true" condition-coverage="0% (0/2)" missing-branches="777,779"/>
						<line number="777" hits="0"/>
						<line number="779" hits="0"/>
						<line number="781" hits="0"/>
						<line number="782" hits="0"/>
						<line number="784" hits="0"/>
						<line number="785" hits="0"/>
						<line number="786" hits="0"/>
						<line number="788" hits="0" branch="true" condition-coverage="0% (0/2)" missing-branches="789,827"/>
						<line number="789" hits="0"/>
						<line number="790" hits="0"/>
						<line number="791" hits="0" branch="true" condition-coverage="0% (0/2)" missing-branches="792,805"/>
						<line number="792" hits="0"/>
						<line number="795" hits="0" branch="true" condition-coverage="0% (0/2)" missing-branches="802,805"/>
						<line number="802" hits="0"/>
						<line number="803" hits="0"/>
						<line number="805" hits="0"/>
						<line number="821" hits="0"/>
						<line number="822" hits="0"/>
						<line number="823" hits="0"/>
						<line number="824" hits="0"/>
						<line number="825" hits="0"/>
						<line number="827" hits="0"/>
						<line number="836" hits="1"/>
						<line number="844" hits="0"/>
						<line number="848" hits="0"/>
						<line number="849" hits="0"/>
						<line number="851" hits="0" branch="true" condition-coverage="0% (0/2)" missing-branches="852,868"/>
						<line number="852" hits="0"/>
						<line number="853" hits="0"/>
						<line number="854" hits="0" branch="true" condition-coverage="0% (0/2)" missing-branches="855,857"/>
						<line number="855" hits="0"/>
						<line number="857" hits="0"/>
						<line number="859" hits="0"/>
						<line number="865" hits="0"/>
						<line number="866" hits="0"/>
						<line number="868" hits="0" branch="true" condition-coverage="0% (0/2)" missing-branches="869,880"/>
						<line number="869" hits="0"/>
						<line number="870" hits="0"/>
						<line number="871" hits="0"/>
						<line number="877" hits="0"/>
						<line number="878" hits="0"/>
						<line number="880" hits="0"/>
						<line number="886" hits="0"/>
						<line number="896" hits="1"/>
						<line number="904" hits="0"/>
						<line number="911" hits="0"/>
						<line number="913" hits="1"/>
						<line number="914" hits="1"/>
						<line number="916" hits="1" branch="true" condition-coverage="50% (1/2)" missing-branches="917"/>
						<line number="917" hits="0"/>
						<line number="919" hits="1"/>
						<line number="920" hits="1" branch="true" condition-coverage="100% (2/2)"/>
						<line number="921" hits="1"/>
						<line number="923" hits="1"/>
						<line number="924" hits="1"/>
						<line number="925" hits="1"/>
						<line number="927" hits="1"/>
						<line number="928" hits="1"/>
						<line number="930" hits="1" branch="true" condition-coverage="50% (1/2)" missing-branches="931"/>
						<line number="931" hits="0"/>
						<line number="933" hits="1"/>
						<line number="934" hits="1" branch="true" condition-coverage="100% (2/2)"/>
						<line number="935" hits="1"/>
						<line number="937" hits="1"/>
						<line number="938" hits="1"/>
						<line number="939" hits="1"/>
						<line number="940" hits="1" branch="true" condition-coverage="100% (2/2)"/>
						<line number="941" hits="1"/>
						<line number="948" hits="1"/>
						<line number="950" hits="1"/>
						<line number="951" hits="1" branch="true" condition-coverage="50% (1/2)" missing-branches="952"/>
						<line number="952" hits="0"/>
						<line number="954" hits="1" branch="true" condition-coverage="50% (1/2)" missing-branches="955"/>
						<line number="955" hits="0"/>
						<line number="957" hits="1"/>
						<line number="958" hits="1"/>
						<line number="959" hits="1"/>
						<line number="960" hits="1"/>
						<line number="966" hits="1"/>
						<line number="967" hits="1" branch="true" condition-coverage="50% (1/2)" missing-branches="968"/>
						<line number="968" hits="0"/>
						<line number="969" hits="0" branch="true" condition-coverage="0% (0/2)" missing-branches="970,971"/>
						<line number="970" hits="0"/>
						<line number="971" hits="0"/>
						<line number="977" hits="1"/>
						<line number="979" hits="1"/>
						<line number="980" hits="1"/>
						<line number="981" hits="1" branch="true" condition-coverage="100% (2/2)"/>
						<line number="982" hits="1"/>
						<line number="983" hits="1"/>
					</lines>
				</class>
				<class name="cli.py" filename="src/memory_classification_engine/cli.py" complexity="0" line-rate="0.09574" branch-rate="0.075">
					<methods/>
					<lines>
						<line number="23" hits="1"/>
						<line number="24" hits="1"/>
						<line number="25" hits="1"/>
						<line number="26" hits="1"/>
						<line number="27" hits="1"/>
						<line number="28" hits="1"/>
						<line number="30" hits="1"/>
						<line number="31" hits="1"/>
						<line number="32" hits="1"/>
						<line number="33" hits="1"/>
						<line number="34" hits="0"/>
						<line number="35" hits="0"/>
						<line number="36" hits="0"/>
						<line number="37" hits="0"/>
						<line number="40" hits="1"/>
						<line number="41" hits="1"/>
						<line number="43" hits="1"/>
						<line number="54" hits="1"/>
						<line number="56" hits="1"/>
						<line number="59" hits="1"/>
						<line number="60" hits="1" branch="true" condition-coverage="50% (1/2)" missing-branches="62"/>
						<line number="61" hits="1"/>
						<line number="62" hits="0"/>
						<line number="65" hits="1" branch="true" condition-coverage="100% (2/2)"/>
						<line number="66" hits="1" branch="true" condition-coverage="50% (1/2)" missing-branches="exit"/>
						<line number="67" hits="1" branch="true" condition-coverage="50% (1/2)" missing-branches="exit"/>
						<line number="68" hits="1" branch="true" condition-coverage="50% (1/2)" missing-branches="exit"/>
						<line number="69" hits="1" branch="true" condition-coverage="50% (1/2)" missing-branches="exit"/>
						<line number="70" hits="1" branch="true" condition-coverage="100% (2/2)"/>
						<line number="73" hits="1"/>
						<line number="74" hits="1"/>
						<line number="75" hits="1"/>
						<line number="78" hits="1"/>
						<line number="79" hits="0" branch="true" condition-coverage="0% (0/2)" missing-branches="80,81"/>
						<line number="80" hits="0"/>
						<line number="81" hits="0"/>
						<line number="82" hits="0"/>
						<line number="83" hits="0" branch="true" condition-coverage="0% (0/2)" missing-branches="84,100"/>
						<line number="84" hits="0"/>
						<line number="85" hits="0"/>
						<line number="86" hits="0"/>
						<line number="87" hits="0" branch="true" condition-coverage="0% (0/2)" missing-branches="88,93"/>
						<line number="88" hits="0"/>
						<line number="89" hits="0" branch="true" condition-coverage="0% (0/2)" missing-branches="90,92"/>
						<line number="90" hits="0"/>
						<line number="91" hits="0"/>
						<line number="92" hits="0"/>
						<line number="93" hits="0" branch="true" condition-coverage="0% (0/2)" missing-branches="94,95"/>
						<line number="94" hits="0"/>
						<line number="95" hits="0" branch="true" condition-coverage="0% (0/2)" missing-branches="96,97"/>
						<line number="96" hits="0"/>
						<line number="97" hits="0"/>
						<line number="98" hits="0"/>
						<line number="99" hits="0"/>
						<line number="100" hits="0"/>
						<line number="103" hits="1"/>
						<line number="104" hits="0" branch="true" condition-coverage="0% (0/2)" missing-branches="105,106"/>
						<line number="105" hits="0"/>
						<line number="106" hits="0"/>
						<line number="109" hits="1"/>
						<line number="110" hits="0"/>
						<line number="111" hits="0" branch="true" condition-coverage="0% (0/2)" missing-branches="112,114"/>
						<line number="112" hits="0" branch="true" condition-coverage="0% (0/2)" missing-branches="111,113"/>
						<line number="113" hits="0"/>
						<line number="114" hits="0"/>
						<line number="117" hits="1"/>
						<line number="118" hits="0"/>
						<line number="119" hits="0"/>
						<line number="120" hits="0"/>
						<line number="121" hits="0"/>
						<line number="122" hits="0"/>
						<line number="123" hits="0"/>
						<line number="124" hits="0"/>
						<line number="125" hits="0"/>
						<line number="126" hits="0"/>
						<line number="127" hits="0"/>
						<line number="129" hits="0"/>
						<line number="130" hits="0"/>
						<line number="131" hits="0"/>
						<line number="132" hits="0"/>
						<line number="135" hits="1"/>
						<line number="136" hits="0"/>
						<line number="137" hits="0"/>
						<line number="138" hits="0"/>
						<line number="139" hits="0"/>
						<line number="140" hits="0"/>
						<line number="141" hits="0"/>
						<line number="142" hits="0"/>
						<line number="144" hits="0"/>
						<line number="145" hits="0"/>
						<line number="147" hits="0"/>
						<line number="148" hits="0" branch="true" condition-coverage="0% (0/2)" missing-branches="149,155"/>
						<line number="149" hits="0"/>
						<line number="150" hits="0"/>
						<line number="151" hits="0"/>
						<line number="152" hits="0"/>
						<line number="153" hits="0"/>
						<line number="155" hits="0" branch="true" condition-coverage="0% (0/2)" missing-branches="156,173"/>
						<line number="156" hits="0"/>
						<line number="157" hits="0"/>
						<line number="158" hits="0"/>
						<line number="159" hits="0" branch="true" condition-coverage="0% (0/2)" missing-branches="160,169"/>
						<line number="160" hits="0"/>
						<line number="161" hits="0" branch="true" condition-coverage="0% (0/2)" missing-branches="162,200"/>
						<line number="162" hits="0"/>
						<line number="163" hits="0"/>
						<line number="164" hits="0"/>
						<line number="165" hits="0"/>
						<line number="166" hits="0"/>
						<line number="167" hits="0"/>
						<line number="169" hits="0"/>
						<line number="170" hits="0"/>
						<line number="171" hits="0"/>
						<line number="173" hits="0"/>
						<line number="175" hits="0" branch="true" condition-coverage="0% (0/2)" missing-branches="176,183"/>
						<line number="176" hits="0"/>
						<line number="177" hits="0"/>
						<line number="178" hits="0"/>
						<line number="179" hits="0"/>
						<line number="180" hits="0"/>
						<line number="181" hits="0"/>
						<line number="183" hits="0"/>
						<line number="184" hits="0"/>
						<line number="186" hits="0" branch="true" condition-coverage="0% (0/2)" missing-branches="187,198"/>
						<line number="187" hits="0"/>
						<line number="188" hits="0"/>
						<line number="189" hits="0"/>
						<line number="190" hits="0"/>
						<line number="191" hits="0"/>
						<line number="192" hits="0"/>
						<line number="194" hits="0"/>
						<line number="195" hits="0"/>
						<line number="196" hits="0"/>
						<line number="198" hits="0"/>
						<line number="200" hits="0"/>
						<line number="201" hits="0"/>
						<line number="204" hits="1"/>
						<line number="205" hits="0"/>
						<line number="206" hits="0"/>
						<line number="207" hits="0"/>
						<line number="208" hits="0"/>
						<line number="209" hits="0"/>
						<line number="210" hits="0"/>
						<line number="212" hits="0"/>
						<line number="213" hits="0"/>
						<line number="215" hits="0"/>
						<line number="216" hits="0" branch="true" condition-coverage="0% (0/2)" missing-branches="217,219"/>
						<line number="217" hits="0"/>
						<line number="219" hits="0"/>
						<line number="221" hits="0" branch="true" condition-coverage="0% (0/2)" missing-branches="222,228"/>
						<line number="222" hits="0"/>
						<line number="223" hits="0"/>
						<line number="224" hits="0"/>
						<line number="225" hits="0"/>
						<line number="226" hits="0"/>
						<line number="228" hits="0" branch="true" condition-coverage="0% (0/2)" missing-branches="229,230"/>
						<line number="229" hits="0"/>
						<line number="230" hits="0" branch="true" condition-coverage="0% (0/2)" missing-branches="231,234"/>
						<line number="231" hits="0" branch="true" condition-coverage="0% (0/2)" missing-branches="232,239"/>
						<line number="232" hits="0"/>
						<line number="234" hits="0"/>
						<line number="235" hits="0" branch="true" condition-coverage="0% (0/2)" missing-branches="236,239"/>
						<line number="236" hits="0"/>
						<line number="237" hits="0"/>
						<line number="239" hits="0"/>
						<line number="240" hits="0"/>
						<line number="243" hits="1"/>
						<line number="244" hits="0"/>
						<line number="245" hits="0"/>
						<line number="246" hits="0"/>
						<line number="247" hits="0"/>
						<line number="248" hits="0"/>
						<line number="249" hits="0"/>
						<line number="250" hits="0"/>
						<line number="252" hits="0"/>
						<line number="253" hits="0"/>
						<line number="255" hits="0"/>
						<line number="256" hits="0" branch="true" condition-coverage="0% (0/2)" missing-branches="257,259"/>
						<line number="257" hits="0"/>
						<line number="259" hits="0"/>
						<line number="261" hits="0" branch="true" condition-coverage="0% (0/2)" missing-branches="262,266"/>
						<line number="262" hits="0"/>
						<line number="263" hits="0"/>
						<line number="264" hits="0"/>
						<line number="266" hits="0" branch="true" condition-coverage="0% (0/2)" missing-branches="267,268"/>
						<line number="267" hits="0"/>
						<line number="268" hits="0" branch="true" condition-coverage="0% (0/2)" missing-branches="269,272"/>
						<line number="269" hits="0" branch="true" condition-coverage="0% (0/2)" missing-branches="270,277"/>
						<line number="270" hits="0"/>
						<line number="272" hits="0"/>
						<line number="273" hits="0" branch="true" condition-coverage="0% (0/2)" missing-branches="274,277"/>
						<line number="274" hits="0"/>
						<line number="275" hits="0"/>
						<line number="277" hits="0"/>
						<line number="278" hits="0"/>
						<line number="281" hits="1"/>
						<line number="282" hits="0"/>
						<line number="283" hits="0"/>
						<line number="284" hits="0"/>
						<line number="285" hits="0"/>
						<line number="286" hits="0"/>
						<line number="288" hits="0"/>
						<line number="289" hits="0"/>
						<line number="291" hits="0"/>
						<line number="293" hits="0" branch="true" condition-coverage="0% (0/2)" missing-branches="294,298"/>
						<line number="294" hits="0"/>
						<line number="295" hits="0"/>
						<line number="296" hits="0"/>
						<line number="298" hits="0" branch="true" condition-coverage="0% (0/2)" missing-branches="299,303"/>
						<line number="299" hits="0"/>
						<line number="300" hits="0"/>
						<line number="301" hits="0"/>
						<line number="303" hits="0"/>
						<line number="304" hits="0"/>
						<line number="305" hits="0"/>
						<line number="306" hits="0"/>
						<line number="307" hits="0"/>
						<line number="308" hits="0"/>
						<line number="309" hits="0"/>
						<line number="310" hits="0"/>
						<line number="311" hits="0"/>
						<line number="312" hits="0"/>
						<line number="313" hits="0"/>
						<line number="314" hits="0"/>
						<line number="315" hits="0"/>
						<line number="317" hits="0"/>
						<line number="318" hits="0"/>
						<line number="319" hits="0"/>
						<line number="320" hits="0"/>
						<line number="321" hits="0"/>
						<line number="322" hits="0"/>
						<line number="323" hits="0"/>
						<line number="324" hits="0"/>
						<line number="325" hits="0"/>
						<line number="326" hits="0"/>
						<line number="327" hits="0" branch="true" condition-coverage="0% (0/2)" missing-branches="328,329"/>
						<line number="328" hits="0"/>
						<line number="329" hits="0" branch="true" condition-coverage="0% (0/2)" missing-branches="330,332"/>
						<line number="330" hits="0"/>
						<line number="332" hits="0"/>
						<line number="333" hits="0"/>
						<line number="334" hits="0"/>
						<line number="337" hits="1"/>
						<line number="338" hits="0"/>
						<line number="339" hits="0"/>
						<line number="340" hits="0"/>
						<line number="341" hits="0"/>
						<line number="342" hits="0"/>
						<line number="344" hits="0"/>
						<line number="345" hits="0"/>
						<line number="347" hits="0"/>
						<line number="349" hits="0" branch="true" condition-coverage="0% (0/2)" missing-branches="350,354"/>
						<line number="350" hits="0"/>
						<line number="351" hits="0"/>
						<line number="352" hits="0"/>
						<line number="354" hits="0"/>
						<line number="355" hits="0"/>
						<line number="356" hits="0"/>
						<line number="358" hits="0"/>
						<line number="359" hits="0"/>
						<line number="360" hits="0"/>
						<line number="361" hits="0"/>
						<line number="362" hits="0"/>
						<line number="363" hits="0"/>
						<line number="365" hits="0" branch="true" condition-coverage="0% (0/2)" missing-branches="366,370"/>
						<line number="366" hits="0"/>
						<line number="367" hits="0"/>
						<line number="368" hits="0"/>
						<line number="370" hits="0"/>
						<line number="371" hits="0"/>
						<line number="372" hits="0" branch="true" condition-coverage="0% (0/2)" missing-branches="373,375"/>
						<line number="373" hits="0"/>
						<line number="375" hits="0"/>
						<line number="376" hits="0"/>
						<line number="377" hits="0"/>
						<line number="379" hits="0"/>
						<line number="380" hits="0"/>
						<line number="383" hits="1"/>
						<line number="384" hits="0"/>
						<line number="385" hits="0"/>
						<line number="386" hits="0"/>
						<line number="387" hits="0"/>
						<line number="388" hits="0"/>
						<line number="390" hits="0"/>
						<line number="391" hits="0"/>
						<line number="393" hits="0"/>
						<line number="395" hits="0" branch="true" condition-coverage="0% (0/2)" missing-branches="396,400"/>
						<line number="396" hits="0"/>
						<line number="397" hits="0"/>
						<line number="398" hits="0"/>
						<line number="400" hits="0" branch="true" condition-coverage="0% (0/2)" missing-branches="401,415"/>
						<line number="401" hits="0"/>
						<line number="402" hits="0"/>
						<line number="403" hits="0"/>
						<line number="404" hits="0"/>
						<line number="405" hits="0"/>
						<line number="406" hits="0"/>
						<line number="407" hits="0"/>
						<line number="408" hits="0"/>
						<line number="409" hits="0"/>
						<line number="410" hits="0" branch="true" condition-coverage="0% (0/2)" missing-branches="411,415"/>
						<line number="411" hits="0"/>
						<line number="412" hits="0"/>
						<line number="413" hits="0"/>
						<line number="415" hits="0"/>
						<line number="416" hits="0" branch="true" condition-coverage="0% (0/2)" missing-branches="417,419"/>
						<line number="417" hits="0"/>
						<line number="419" hits="0"/>
						<line number="420" hits="0"/>
						<line number="421" hits="0"/>
						<line number="423" hits="0"/>
						<line number="424" hits="0"/>
						<line number="427" hits="1"/>
						<line number="428" hits="0"/>
						<line number="429" hits="0"/>
						<line number="430" hits="0"/>
						<line number="431" hits="0"/>
						<line number="432" hits="0"/>
						<line number="433" hits="0"/>
						<line number="434" hits="0"/>
						<line number="436" hits="0"/>
						<line number="437" hits="0"/>
						<line number="439" hits="0"/>
						<line number="441" hits="0" branch="true" condition-coverage="0% (0/2)" missing-branches="442,446"/>
						<line number="442" hits="0"/>
						<line number="443" hits="0" branch="true" condition-coverage="0% (0/2)" missing-branches="444,446"/>
						<line number="444" hits="0"/>
						<line number="446" hits="0" branch="true" condition-coverage="0% (0/2)" missing-branches="447,453"/>
						<line number="447" hits="0"/>
						<line number="448" hits="0" branch="true" condition-coverage="0% (0/2)" missing-branches="449,453"/>
						<line number="449" hits="0"/>
						<line number="450" hits="0" branch="true" condition-coverage="0% (0/2)" missing-branches="448,451"/>
						<line number="451" hits="0"/>
						<line number="453" hits="0" branch="true" condition-coverage="0% (0/2)" missing-branches="454,458"/>
						<line number="454" hits="0"/>
						<line number="455" hits="0"/>
						<line number="456" hits="0"/>
						<line number="458" hits="0"/>
						<line number="459" hits="0" branch="true" condition-coverage="0% (0/2)" missing-branches="460,469"/>
						<line number="460" hits="0"/>
						<line number="461" hits="0"/>
						<line number="462" hits="0" branch="true" condition-coverage="0% (0/2)" missing-branches="463,465"/>
						<line number="463" hits="0"/>
						<line number="465" hits="0"/>
						<line number="466" hits="0"/>
						<line number="467" hits="0"/>
						<line number="469" hits="0" branch="true" condition-coverage="0% (0/2)" missing-branches="470,474"/>
						<line number="470" hits="0"/>
						<line number="471" hits="0"/>
						<line number="472" hits="0"/>
						<line number="474" hits="0" branch="true" condition-coverage="0% (0/2)" missing-branches="475,486"/>
						<line number="475" hits="0"/>
						<line number="476" hits="0"/>
						<line number="477" hits="0"/>
						<line number="478" hits="0"/>
						<line number="479" hits="0"/>
						<line number="480" hits="0"/>
						<line number="481" hits="0" branch="true" condition-coverage="0% (0/2)" missing-branches="482,486"/>
						<line number="482" hits="0"/>
						<line number="483" hits="0"/>
						<line number="484" hits="0"/>
						<line number="486" hits="0"/>
						<line number="487" hits="0"/>
						<line number="488" hits="0" branch="true" condition-coverage="0% (0/2)" missing-branches="489,495"/>
						<line number="489" hits="0"/>
						<line number="490" hits="0" branch="true" condition-coverage="0% (0/2)" missing-branches="491,493"/>
						<line number="491" hits="0"/>
						<line number="493" hits="0"/>
						<line number="495" hits="0"/>
						<line number="496" hits="0"/>
						<line number="497" hits="0"/>
						<line number="500" hits="1"/>
						<line number="501" hits="0"/>
						<line number="502" hits="0"/>
						<line number="503" hits="0"/>
						<line number="504" hits="0"/>
						<line number="505" hits="0"/>
						<line number="507" hits="0"/>
						<line number="508" hits="0"/>
						<line number="510" hits="0"/>
						<line number="512" hits="0" branch="true" condition-coverage="0% (0/2)" missing-branches="513,517"/>
						<line number="513" hits="0"/>
						<line number="514" hits="0"/>
						<line number="515" hits="0"/>
						<line number="517" hits="0"/>
						<line number="518" hits="0"/>
						<line number="519" hits="0"/>
						<line number="521" hits="0"/>
						<line number="522" hits="0"/>
						<line number="525" hits="1"/>
						<line number="526" hits="0"/>
						<line number="527" hits="0"/>
						<line number="528" hits="0"/>
						<line number="529" hits="0"/>
						<line number="530" hits="0"/>
						<line number="532" hits="0"/>
						<line number="533" hits="0"/>
						<line number="535" hits="0"/>
						<line number="541" hits="0"/>
						<line number="542" hits="0"/>
						<line number="543" hits="0"/>
						<line number="544" hits="0"/>
						<line number="546" hits="0"/>
						<line number="548" hits="0" branch="true" condition-coverage="0% (0/2)" missing-branches="549,552"/>
						<line number="549" hits="0"/>
						<line number="550" hits="0"/>
						<line number="552" hits="0"/>
						<line number="553" hits="0"/>
						<line number="556" hits="1"/>
						<line number="557" hits="0"/>
						<line number="558" hits="0"/>
						<line number="559" hits="0"/>
						<line number="560" hits="0"/>
						<line number="562" hits="0"/>
						<line number="563" hits="0"/>
						<line number="565" hits="0"/>
						<line number="566" hits="0"/>
						<line number="568" hits="0" branch="true" condition-coverage="0% (0/2)" missing-branches="569,574"/>
						<line number="569" hits="0"/>
						<line number="570" hits="0"/>
						<line number="571" hits="0"/>
						<line number="572" hits="0"/>
						<line number="574" hits="0"/>
						<line number="575" hits="0"/>
						<line number="577" hits="0"/>
						<line number="578" hits="0"/>
						<line number="579" hits="0"/>
						<line number="581" hits="0" branch="true" condition-coverage="0% (0/2)" missing-branches="582,590"/>
						<line number="582" hits="0"/>
						<line number="583" hits="0"/>
						<line number="584" hits="0" branch="true" condition-coverage="0% (0/2)" missing-branches="585,590"/>
						<line number="585" hits="0"/>
						<line number="586" hits="0"/>
						<line number="587" hits="0"/>
						<line number="588" hits="0"/>
						<line number="590" hits="0"/>
						<line number="591" hits="0"/>
						<line number="592" hits="0" branch="true" condition-coverage="0% (0/2)" missing-branches="593,599"/>
						<line number="593" hits="0"/>
						<line number="594" hits="0" branch="true" condition-coverage="0% (0/2)" missing-branches="595,599"/>
						<line number="595" hits="0"/>
						<line number="596" hits="0"/>
						<line number="597" hits="0"/>
						<line number="599" hits="0"/>
						<line number="600" hits="0" branch="true" condition-coverage="0% (0/2)" missing-branches="601,603"/>
						<line number="601" hits="0"/>
						<line number="603" hits="0"/>
						<line number="604" hits="0" branch="true" condition-coverage="0% (0/2)" missing-branches="605,611"/>
						<line number="605" hits="0"/>
						<line number="606" hits="0" branch="true" condition-coverage="0% (0/2)" missing-branches="607,611"/>
						<line number="607" hits="0"/>
						<line number="608" hits="0"/>
						<line number="609" hits="0"/>
						<line number="611" hits="0"/>
						<line number="612" hits="0"/>
						<line number="613" hits="0"/>
						<line number="616" hits="1"/>
						<line number="617" hits="0"/>
						<line number="618" hits="0"/>
						<line number="619" hits="0"/>
						<line number="620" hits="0"/>
						<line number="622" hits="0"/>
						<line number="623" hits="0"/>
						<line number="625" hits="0"/>
						<line number="627" hits="0" branch="true" condition-coverage="0% (0/2)" missing-branches="628,632"/>
						<line number="628" hits="0"/>
						<line number="629" hits="0"/>
						<line number="630" hits="0"/>
						<line number="632" hits="0"/>
						<line number="633" hits="0"/>
						<line number="634" hits="0"/>
						<line number="636" hits="0" branch="true" condition-coverage="0% (0/2)" missing-branches="637,646"/>
						<line number="637" hits="0"/>
						<line number="638" hits="0"/>
						<line number="639" hits="0"/>
						<line number="640" hits="0"/>
						<line number="641" hits="0"/>
						<line number="642" hits="0"/>
						<line number="643" hits="0"/>
						<line number="644" hits="0"/>
						<line number="646" hits="0"/>
						<line number="647" hits="0"/>
						<line number="648" hits="0"/>
						<line number="650" hits="0"/>
						<line number="651" hits="0" branch="true" condition-coverage="0% (0/2)" missing-branches="652,657"/>
						<line number="652" hits="0"/>
						<line number="653" hits="0" branch="true" condition-coverage="0% (0/2)" missing-branches="654,657"/>
						<line number="654" hits="0"/>
						<line number="655" hits="0"/>
						<line number="657" hits="0"/>
						<line number="658" hits="0" branch="true" condition-coverage="0% (0/2)" missing-branches="659,664"/>
						<line number="659" hits="0"/>
						<line number="660" hits="0" branch="true" condition-coverage="0% (0/2)" missing-branches="661,664"/>
						<line number="661" hits="0"/>
						<line number="662" hits="0"/>
						<line number="664" hits="0"/>
						<line number="665" hits="0" branch="true" condition-coverage="0% (0/2)" missing-branches="666,671"/>
						<line number="666" hits="0"/>
						<line number="667" hits="0" branch="true" condition-coverage="0% (0/2)" missing-branches="668,671"/>
						<line number="668" hits="0"/>
						<line number="669" hits="0"/>
						<line number="671" hits="0"/>
						<line number="672" hits="0" branch="true" condition-coverage="0% (0/2)" missing-branches="673,678"/>
						<line number="673" hits="0"/>
						<line number="674" hits="0"/>
						<line number="675" hits="0"/>
						<line number="676" hits="0"/>
						<line number="678" hits="0"/>
						<line number="679" hits="0"/>
						<line number="680" hits="0"/>
						<line number="681" hits="0"/>
						<line number="684" hits="1"/>
						<line number="685" hits="0"/>
						<line number="686" hits="0"/>
						<line number="687" hits="0"/>
						<line number="688" hits="0"/>
						<line number="689" hits="0"/>
						<line number="691" hits="0"/>
						<line number="692" hits="0"/>
						<line number="694" hits="0" branch="true" condition-coverage="0% (0/2)" missing-branches="695,702"/>
						<line number="695" hits="0"/>
						<line number="696" hits="0"/>
						<line number="697" hits="0"/>
						<line number="698" hits="0"/>
						<line number="699" hits="0"/>
						<line number="700" hits="0"/>
						<line number="702" hits="0"/>
						<line number="703" hits="0"/>
						<line number="705" hits="0"/>
						<line number="706" hits="0"/>
						<line number="709" hits="1"/>
						<line number="710" hits="1"/>
						<line number="711" hits="1"/>
						<line number="712" hits="1"/>
						<line number="713" hits="1"/>
						<line number="714" hits="1"/>
						<line number="715" hits="1"/>
						<line number="716" hits="1"/>
						<line number="718" hits="1"/>
						<line number="719" hits="1"/>
						<line number="721" hits="1"/>
						<line number="723" hits="1"/>
						<line number="724" hits="1"/>
						<line number="726" hits="1" branch="true" condition-coverage="100% (2/2)"/>
						<line number="727" hits="1"/>
						<line number="728" hits="1"/>
						<line number="729" hits="1"/>
						<line number="730" hits="1" branch="true" condition-coverage="50% (1/2)" missing-branches="733"/>
						<line number="731" hits="1"/>
						<line number="733" hits="0" branch="true" condition-coverage="0% (0/2)" missing-branches="734,744"/>
						<line number="734" hits="0"/>
						<line number="735" hits="0"/>
						<line number="736" hits="0"/>
						<line number="737" hits="0"/>
						<line number="738" hits="0"/>
						<line number="739" hits="0"/>
						<line number="740" hits="0" branch="true" condition-coverage="0% (0/2)" missing-branches="733,741"/>
						<line number="741" hits="0"/>
						<line number="742" hits="0"/>
						<line number="743" hits="0"/>
						<line number="744" hits="1"/>
						<line number="746" hits="1" branch="true" condition-coverage="100% (2/2)"/>
						<line number="747" hits="1"/>
						<line number="748" hits="1"/>
						<line number="749" hits="1"/>
						<line number="750" hits="1" branch="true" condition-coverage="50% (1/2)" missing-branches="753"/>
						<line number="751" hits="1"/>
						<line number="753" hits="0" branch="true" condition-coverage="0% (0/2)" missing-branches="754,763"/>
						<line number="754" hits="0"/>
						<line number="755" hits="0"/>
						<line number="756" hits="0"/>
						<line number="757" hits="0"/>
						<line number="758" hits="0"/>
						<line number="759" hits="0"/>
						<line number="760" hits="0"/>
						<line number="761" hits="0"/>
						<line number="762" hits="0"/>
						<line number="763" hits="1"/>
						<line number="765" hits="1" branch="true" condition-coverage="100% (2/2)"/>
						<line number="766" hits="1"/>
						<line number="767" hits="1"/>
						<line number="768" hits="1"/>
						<line number="769" hits="1" branch="true" condition-coverage="50% (1/2)" missing-branches="772"/>
						<line number="770" hits="1"/>
						<line number="772" hits="0" branch="true" condition-coverage="0% (0/2)" missing-branches="773,780"/>
						<line number="773" hits="0"/>
						<line number="774" hits="0"/>
						<line number="775" hits="0"/>
						<line number="776" hits="0"/>
						<line number="777" hits="0"/>
						<line number="778" hits="0"/>
						<line number="779" hits="0"/>
						<line number="780" hits="1"/>
						<line number="782" hits="1"/>
						<line number="783" hits="1"/>
						<line number="786" hits="1"/>
						<line number="787" hits="0"/>
						<line number="788" hits="0"/>
						<line number="789" hits="0"/>
						<line number="791" hits="0"/>
						<line number="792" hits="0"/>
						<line number="794" hits="0"/>
						<line number="795" hits="0"/>
						<line number="797" hits="0"/>
						<line number="798" hits="0"/>
						<line number="799" hits="0"/>
						<line number="801" hits="0"/>
						<line number="802" hits="0"/>
						<line number="803" hits="0"/>
						<line number="804" hits="0" branch="true" condition-coverage="0% (0/2)" missing-branches="805,808"/>
						<line number="805" hits="0"/>
						<line number="806" hits="0"/>
						<line number="808" hits="0"/>
						<line number="809" hits="0"/>
						<line number="811" hits="0"/>
						<line number="812" hits="0"/>
						<line number="813" hits="0"/>
						<line number="814" hits="0"/>
						<line number="815" hits="0"/>
						<line number="816" hits="0"/>
						<line number="817" hits="0"/>
						<line number="818" hits="0"/>
						<line number="820" hits="0"/>
						<line number="821" hits="0" branch="true" condition-coverage="0% (0/2)" missing-branches="822,825"/>
						<line number="822" hits="0"/>
						<line number="823" hits="0"/>
						<line number="825" hits="0"/>
						<line number="826" hits="0"/>
						<line number="827" hits="0" branch="true" condition-coverage="0% (0/2)" missing-branches="828,831"/>
						<line number="828" hits="0"/>
						<line number="829" hits="0"/>
						<line number="831" hits="0"/>
						<line number="832" hits="0"/>
						<line number="833" hits="0" branch="true" condition-coverage="0% (0/2)" missing-branches="834,838"/>
						<line number="834" hits="0"/>
						<line number="835" hits="0"/>
						<line number="836" hits="0"/>
						<line number="838" hits="0"/>
						<line number="839" hits="0"/>
						<line number="840" hits="0" branch="true" condition-coverage="0% (0/2)" missing-branches="841,849"/>
						<line number="841" hits="0"/>
						<line number="842" hits="0"/>
						<line number="843" hits="0"/>
						<line number="844" hits="0"/>
						<line number="845" hits="0"/>
						<line number="846" hits="0"/>
						<line number="847" hits="0"/>
						<line number="849" hits="0"/>
						<line number="850" hits="0" branch="true" condition-coverage="0% (0/2)" missing-branches="851,865"/>
						<line number="851" hits="0"/>
						<line number="852" hits="0"/>
						<line number="853" hits="0"/>
						<line number="854" hits="0"/>
						<line number="855" hits="0" branch="true" condition-coverage="0% (0/2)" missing-branches="856,859"/>
						<line number="856" hits="0"/>
						<line number="857" hits="0"/>
						<line number="859" hits="0"/>
						<line number="860" hits="0"/>
						<line number="861" hits="0"/>
						<line number="862" hits="0"/>
						<line number="863" hits="0"/>
						<line number="865" hits="0"/>
						<line number="867" hits="0"/>
						<line number="868" hits="0"/>
						<line number="869" hits="0"/>
						<line number="870" hits="0"/>
						<line number="871" hits="0"/>
						<line number="872" hits="0"/>
						<line number="873" hits="0"/>
						<line number="874" hits="0"/>
						<line number="875" hits="0"/>
						<line number="876" hits="0"/>
						<line number="878" hits="0"/>
						<line number="879" hits="0"/>
						<line number="880" hits="0"/>
						<line number="881" hits="0"/>
						<line number="882" hits="0"/>
						<line number="883" hits="0"/>
						<line number="884" hits="0"/>
						<line number="885" hits="0"/>
						<line number="886" hits="0"/>
						<line number="887" hits="0"/>
						<line number="888" hits="0"/>
						<line number="889" hits="0"/>
						<line number="890" hits="0"/>
						<line number="891" hits="0"/>
						<line number="892" hits="0"/>
						<line number="893" hits="0"/>
						<line number="894" hits="0"/>
						<line number="895" hits="0"/>
						<line number="896" hits="0"/>
						<line number="897" hits="0"/>
						<line number="898" hits="0"/>
						<line number="899" hits="0"/>
						<line number="901" hits="0" branch="true" condition-coverage="0% (0/2)" missing-branches="902,905"/>
						<line number="902" hits="0"/>
						<line number="903" hits="0"/>
						<line number="905" hits="0"/>
						<line number="906" hits="0"/>
						<line number="908" hits="0"/>
						<line number="909" hits="0"/>
						<line number="910" hits="0"/>
						<line number="911" hits="0"/>
						<line number="912" hits="0"/>
						<line number="913" hits="0"/>
						<line number="914" hits="0"/>
						<line number="915" hits="0"/>
						<line number="916" hits="0"/>
						<line number="917" hits="0"/>
						<line number="919" hits="0"/>
						<line number="920" hits="0"/>
						<line number="921" hits="0"/>
						<line number="922" hits="0"/>
						<line number="923" hits="0"/>
						<line number="924" hits="0" branch="true" condition-coverage="0% (0/2)" missing-branches="925,928"/>
						<line number="925" hits="0"/>
						<line number="926" hits="0"/>
						<line number="928" hits="0"/>
						<line number="929" hits="0"/>
						<line number="930" hits="0"/>
						<line number="931" hits="0"/>
						<line number="932" hits="0"/>
						<line number="933" hits="0"/>
						<line number="934" hits="0"/>
						<line number="935" hits="0"/>
						<line number="937" hits="0"/>
						<line number="938" hits="0"/>
						<line number="939" hits="0"/>
						<line number="940" hits="0"/>
						<line number="941" hits="0"/>
						<line number="942" hits="0" branch="true" condition-coverage="0% (0/2)" missing-branches="943,944"/>
						<line number="943" hits="0"/>
						<line number="944" hits="0" branch="true" condition-coverage="0% (0/2)" missing-branches="945,947"/>
						<line number="945" hits="0"/>
						<line number="947" hits="0" branch="true" condition-coverage="0% (0/2)" missing-branches="948,951"/>
						<line number="948" hits="0"/>
						<line number="949" hits="0"/>
						<line number="951" hits="0"/>
						<line number="952" hits="0"/>
						<line number="953" hits="0"/>
						<line number="955" hits="0"/>
						<line number="956" hits="0" branch="true" condition-coverage="0% (0/2)" missing-branches="957,968"/>
						<line number="957" hits="0"/>
						<line number="958" hits="0"/>
						<line number="959" hits="0"/>
						<line number="960" hits="0"/>
						<line number="961" hits="0"/>
						<line number="962" hits="0"/>
						<line number="963" hits="0"/>
						<line number="964" hits="0"/>
						<line number="965" hits="0"/>
						<line number="966" hits="0"/>
						<line number="968" hits="0"/>
						<line number="969" hits="0"/>
						<line number="971" hits="0"/>
						<line number="972" hits="0" branch="true" condition-coverage="0% (0/2)" missing-branches="973,979"/>
						<line number="973" hits="0"/>
						<line number="974" hits="0" branch="true" condition-coverage="0% (0/2)" missing-branches="975,976"/>
						<line number="975" hits="0"/>
						<line number="976" hits="0" branch="true" condition-coverage="0% (0/2)" missing-branches="977,981"/>
						<line number="977" hits="0"/>
						<line number="979" hits="0"/>
						<line number="981" hits="0"/>
						<line number="982" hits="0"/>
						<line number="985" hits="1"/>
						<line number="986" hits="0"/>
						<line number="987" hits="0"/>
						<line number="988" hits="0"/>
						<line number="989" hits="0"/>
						<line number="991" hits="0"/>
						<line number="992" hits="0"/>
						<line number="994" hits="0"/>
						<line number="995" hits="0"/>
						<line number="997" hits="0"/>
						<line number="1006" hits="0"/>
						<line number="1008" hits="0" branch="true" condition-coverage="0% (0/2)" missing-branches="1009,1045"/>
						<line number="1009" hits="0"/>
						<line number="1010" hits="0"/>
						<line number="1012" hits="0" branch="true" condition-coverage="0% (0/2)" missing-branches="1013,1025"/>
						<line number="1013" hits="0"/>
						<line number="1014" hits="0"/>
						<line number="1015" hits="0"/>
						<line number="1016" hits="0" branch="true" condition-coverage="0% (0/2)" missing-branches="1017,1021"/>
						<line number="1017" hits="0"/>
						<line number="1018" hits="0"/>
						<line number="1019" hits="0"/>
						<line number="1021" hits="0"/>
						<line number="1022" hits="0"/>
						<line number="1023" hits="0"/>
						<line number="1025" hits="0"/>
						<line number="1027" hits="0" branch="true" condition-coverage="0% (0/2)" missing-branches="1028,1045"/>
						<line number="1028" hits="0"/>
						<line number="1029" hits="0" branch="true" condition-coverage="0% (0/2)" missing-branches="1030,1040"/>
						<line number="1030" hits="0"/>
						<line number="1031" hits="0"/>
						<line number="1032" hits="0"/>
						<line number="1033" hits="0"/>
						<line number="1034" hits="0"/>
						<line number="1035" hits="0"/>
						<line number="1036" hits="0"/>
						<line number="1037" hits="0"/>
						<line number="1038" hits="0"/>
						<line number="1040" hits="0"/>
						<line number="1041" hits="0"/>
						<line number="1042" hits="0"/>
						<line number="1043" hits="0"/>
						<line number="1045" hits="0" branch="true" condition-coverage="0% (0/2)" missing-branches="1046,1082"/>
						<line number="1046" hits="0"/>
						<line number="1047" hits="0"/>
						<line number="1049" hits="0" branch="true" condition-coverage="0% (0/2)" missing-branches="1050,1062"/>
						<line number="1050" hits="0"/>
						<line number="1051" hits="0"/>
						<line number="1052" hits="0"/>
						<line number="1053" hits="0" branch="true" condition-coverage="0% (0/2)" missing-branches="1054,1058"/>
						<line number="1054" hits="0"/>
						<line number="1055" hits="0"/>
						<line number="1056" hits="0"/>
						<line number="1058" hits="0"/>
						<line number="1059" hits="0"/>
						<line number="1060" hits="0"/>
						<line number="1062" hits="0"/>
						<line number="1064" hits="0" branch="true" condition-coverage="0% (0/2)" missing-branches="1065,1082"/>
						<line number="1065" hits="0"/>
						<line number="1066" hits="0" branch="true" condition-coverage="0% (0/2)" missing-branches="1067,1077"/>
						<line number="1067" hits="0"/>
						<line number="1068" hits="0"/>
						<line number="1069" hits="0"/>
						<line number="1070" hits="0"/>
						<line number="1071" hits="0"/>
						<line number="1072" hits="0"/>
						<line number="1073" hits="0"/>
						<line number="1074" hits="0"/>
						<line number="1075" hits="0"/>
						<line number="1077" hits="0"/>
						<line number="1078" hits="0"/>
						<line number="1079" hits="0"/>
						<line number="1080" hits="0"/>
						<line number="1082" hits="0" branch="true" condition-coverage="0% (0/2)" missing-branches="1083,1087"/>
						<line number="1083" hits="0"/>
						<line number="1084" hits="0"/>
						<line number="1085" hits="0"/>
						<line number="1087" hits="0"/>
						<line number="1089" hits="0"/>
						<line number="1092" hits="1"/>
						<line number="1093" hits="0"/>
						<line number="1094" hits="0"/>
						<line number="1095" hits="0"/>
						<line number="1096" hits="0"/>
						<line number="1098" hits="0"/>
						<line number="1100" hits="0"/>
						<line number="1101" hits="0"/>
						<line number="1102" hits="0"/>
						<line number="1103" hits="0"/>
						<line number="1104" hits="0"/>
						<line number="1105" hits="0"/>
						<line number="1106" hits="0"/>
						<line number="1107" hits="0"/>
						<line number="1108" hits="0"/>
						<line number="1109" hits="0"/>
						<line number="1112" hits="1"/>
						<line number="1113" hits="0"/>
						<line number="1114" hits="0" branch="true" condition-coverage="0% (0/2)" missing-branches="1115,1120"/>
						<line number="1115" hits="0"/>
						<line number="1116" hits="0"/>
						<line number="1117" hits="0"/>
						<line number="1118" hits="0"/>
						<line number="1120" hits="0"/>
						<line number="1121" hits="0"/>
						<line number="1122" hits="0"/>
						<line number="1124" hits="0"/>
						<line number="1125" hits="0"/>
						<line number="1126" hits="0"/>
						<line number="1129" hits="1"/>
						<line number="1130" hits="0"/>
						<line number="1131" hits="0"/>
						<line number="1133" hits="0"/>
						<line number="1134" hits="0"/>
						<line number="1136" hits="0"/>
						<line number="1138" hits="0" branch="true" condition-coverage="0% (0/2)" missing-branches="1139,1142"/>
						<line number="1139" hits="0"/>
						<line number="1140" hits="0"/>
						<line number="1142" hits="0"/>
						<line number="1144" hits="0"/>
						<line number="1145" hits="0" branch="true" condition-coverage="0% (0/2)" missing-branches="1146,1155"/>
						<line number="1146" hits="0"/>
						<line number="1151" hits="0"/>
						<line number="1152" hits="0"/>
						<line number="1153" hits="0"/>
						<line number="1155" hits="0"/>
						<line number="1157" hits="0"/>
						<line number="1158" hits="0"/>
						<line number="1159" hits="0"/>
						<line number="1160" hits="0"/>
						<line number="1161" hits="0"/>
						<line number="1162" hits="0"/>
						<line number="1163" hits="0"/>
						<line number="1164" hits="0"/>
						<line number="1166" hits="0"/>
						<line number="1167" hits="0"/>
						<line number="1168" hits="0"/>
						<line number="1169" hits="0"/>
						<line number="1170" hits="0"/>
						<line number="1171" hits="0"/>
						<line number="1172" hits="0"/>
						<line number="1173" hits="0"/>
						<line number="1174" hits="0"/>
						<line number="1177" hits="1"/>
						<line number="1178" hits="0"/>
						<line number="1179" hits="0"/>
						<line number="1180" hits="0"/>
						<line number="1181" hits="0"/>
						<line number="1182" hits="0"/>
						<line number="1183" hits="0"/>
						<line number="1186" hits="1"/>
						<line number="1187" hits="1"/>
						<line number="1188" hits="1"/>
						<line number="1194" hits="1"/>
						<line number="1195" hits="0"/>
						<line number="1238" hits="1"/>
						<line number="1239" hits="0" branch="true" condition-coverage="0% (0/2)" missing-branches="1240,1243"/>
						<line number="1240" hits="0"/>
						<line number="1241" hits="0"/>
						<line number="1243" hits="0"/>
						<line number="1244" hits="0"/>
						<line number="1246" hits="0"/>
						<line number="1279" hits="0"/>
						<line number="1280" hits="0" branch="true" condition-coverage="0% (0/2)" missing-branches="1281,1286"/>
						<line number="1281" hits="0"/>
						<line number="1282" hits="0"/>
						<line number="1283" hits="0"/>
						<line number="1284" hits="0"/>
						<line number="1286" hits="0"/>
						<line number="1287" hits="0"/>
						<line number="1288" hits="0"/>
						<line number="1289" hits="0"/>
						<line number="1290" hits="0"/>
						<line number="1291" hits="0"/>
						<line number="1292" hits="0"/>
						<line number="1293" hits="0"/>
						<line number="1294" hits="0"/>
					</lines>
				</class>
				<class name="conflict_detector.py" filename="src/memory_classification_engine/conflict_detector.py" complexity="0" line-rate="0.6837" branch-rate="0.5283">
					<methods/>
					<lines>
						<line number="12" hits="1"/>
						<line number="13" hits="1"/>
						<line number="14" hits="1"/>
						<line number="16" hits="1"/>
						<line number="19" hits="1"/>
						<line number="21" hits="1"/>
						<line number="22" hits="1"/>
						<line number="23" hits="1"/>
						<line number="24" hits="1"/>
						<line number="27" hits="1"/>
						<line number="29" hits="1"/>
[...]
						<line number="220" hits="0" branch="true" condition-coverage="0% (0/2)" missing-branches="221,223"/>
						<line number="221" hits="0"/>
						<line number="223" hits="0"/>
						<line number="224" hits="0"/>
						<line number="226" hits="0" branch="true" condition-coverage="0% (0/2)" missing-branches="219,227"/>
						<line number="227" hits="0"/>
						<line number="228" hits="0" branch="true" condition-coverage="0% (0/2)" missing-branches="226,229"/>
						<line number="229" hits="0"/>
						<line number="231" hits="0" branch="true" condition-coverage="0% (0/2)" missing-branches="226,232"/>
						<line number="232" hits="0"/>
						<line number="233" hits="0"/>
						<line number="234" hits="0"/>
						<line number="235" hits="0"/>
						<line number="238" hits="0"/>
						<line number="245" hits="0"/>
					</lines>
				</class>
			</classes>
		</package>
		<package name="src.memory_classification_engine.semantic.data" line-rate="1" branch-rate="1" complexity="0">
			<classes>
				<class name="__init__.py" filename="src/memory_classification_engine/semantic/data/__init__.py" complexity="0" line-rate="1" branch-rate="1">
					<methods/>
					<lines/>
				</class>
			</classes>
		</package>
		<package name="src.memory_classification_engine.utils" line-rate="0.4174" branch-rate="0.08219" complexity="0">
			<classes>
				<class name="config.py" filename="src/memory_classification_engine/utils/config.py" complexity="0" line-rate="0.6154" branch-rate="0.2143">
					<methods/>
					<lines>
						<line number="1" hits="1"/>
						<line number="2" hits="1"/>
						<line number="3" hits="1"/>
						<line number="4" hits="1"/>
						<line number="6" hits="1"/>
						<line number="9" hits="1"/>
						<line number="10" hits="1"/>
						<line number="11" hits="1"/>
						<line number="12" hits="1"/>
						<line number="14" hits="1"/>
						<line number="25" hits="1"/>
						<line number="26" hits="1" branch="true" condition-coverage="50% (1/2)" missing-branches="27"/>
						<line number="27" hits="0"/>
						<line number="30" hits="1"/>
						<line number="31" hits="1"/>
						<line number="33" hits="1" branch="true" condition-coverage="50% (1/2)" missing-branches="39"/>
						<line number="34" hits="1" branch="true" condition-coverage="50% (1/2)" missing-branches="35"/>
						<line number="35" hits="0"/>
						<line number="37" hits="1"/>
						<line number="39" hits="0"/>
						<line number="41" hits="1"/>
						<line number="47" hits="1"/>
						<line number="48" hits="1"/>
						<line number="49" hits="0"/>
						<line number="50" hits="0"/>
						<line number="51" hits="1"/>
						<line number="52" hits="1"/>
						<line number="53" hits="1"/>
						<line number="55" hits="1"/>
						<line number="57" hits="0"/>
						<line number="59" hits="1"/>
						<line number="68" hits="1"/>
						<line number="69" hits="1"/>
						<line number="70" hits="1"/>
						<line number="71" hits="0" branch="true" condition-coverage="0% (0/2)" missing-branches="72,73"/>
						<line number="72" hits="0"/>
						<line number="73" hits="0" branch="true" condition-coverage="0% (0/2)" missing-branches="74,77"/>
						<line number="74" hits="0"/>
						<line number="75" hits="0"/>
						<line number="77" hits="0"/>
						<line number="78" hits="0"/>
						<line number="79" hits="1"/>
						<line number="80" hits="1"/>
						<line number="81" hits="1"/>
						<line number="83" hits="1"/>
						<line number="90" hits="0"/>
						<line number="91" hits="0"/>
						<line number="94" hits="0" branch="true" condition-coverage="0% (0/2)" missing-branches="95,100"/>
						<line number="95" hits="0" branch="true" condition-coverage="0% (0/2)" missing-branches="96,97"/>
						<line number="96" hits="0"/>
						<line number="97" hits="0"/>
						<line number="100" hits="0"/>
					</lines>
				</class>
				<class name="confirmation.py" filename="src/memory_classification_engine/utils/confirmation.py" complexity="0" line-rate="0.4444" branch-rate="0.1">
					<methods/>
					<lines>
						<line number="1" hits="1"/>
						<line number="2" hits="1"/>
						<line number="4" hits="1"/>
						<line number="21" hits="1"/>
						<line number="22" hits="0"/>
						<line number="23" hits="0" branch="true" condition-coverage="0% (0/2)" missing-branches="24,27"/>
						<line number="24" hits="0" branch="true" condition-coverage="0% (0/2)" missing-branches="23,25"/>
						<line number="25" hits="0" branch="true" condition-coverage="0% (0/2)" missing-branches="24,26"/>
						<line number="26" hits="0"/>
						<line number="27" hits="0"/>
						<line number="30" hits="1"/>
						<line number="31" hits="0" branch="true" condition-coverage="0% (0/2)" missing-branches="32,33"/>
						<line number="32" hits="0"/>
						<line number="33" hits="0"/>
						<line number="36" hits="1"/>
						<line number="37" hits="1" branch="true" condition-coverage="50% (1/2)" missing-branches="39"/>
						<line number="38" hits="1"/>
						<line number="39" hits="0"/>
					</lines>
				</class>
				<class name="helpers.py" filename="src/memory_classification_engine/utils/helpers.py" complexity="0" line-rate="0.2903" branch-rate="0">
					<methods/>
					<lines>
						<line number="1" hits="1"/>
						<line number="2" hits="1"/>
						<line number="3" hits="1"/>
						<line number="4" hits="1"/>
						<line number="7" hits="1"/>
						<line number="18" hits="1"/>
						<line number="25" hits="1"/>
						<line number="31" hits="1"/>
						<line number="32" hits="1"/>
						<line number="33" hits="1"/>
						<line number="34" hits="1"/>
						<line number="36" hits="1"/>
						<line number="42" hits="1"/>
						<line number="44" hits="1"/>
						<line number="55" hits="0"/>
						<line number="56" hits="0" branch="true" condition-coverage="0% (0/2)" missing-branches="57,59"/>
						<line number="57" hits="0"/>
						<line number="59" hits="0" branch="true" condition-coverage="0% (0/2)" missing-branches="61,67"/>
						<line number="61" hits="0"/>
						<line number="62" hits="0"/>
						<line number="64" hits="0"/>
						<line number="65" hits="0"/>
						<line number="67" hits="0" branch="true" condition-coverage="0% (0/2)" missing-branches="69,74"/>
						<line number="69" hits="0"/>
						<line number="70" hits="0"/>
						<line number="71" hits="0"/>
						<line number="72" hits="0"/>
						<line number="74" hits="0" branch="true" condition-coverage="0% (0/2)" missing-branches="76,79"/>
						<line number="76" hits="0"/>
						<line number="77" hits="0"/>
						<line number="79" hits="0" branch="true" condition-coverage="0% (0/2)" missing-branches="81,87"/>
						<line number="81" hits="0"/>
						<line number="82" hits="0"/>
						<line number="84" hits="0"/>
						<line number="85" hits="0"/>
						<line number="87" hits="0" branch="true" condition-coverage="0% (0/2)" missing-branches="89,92"/>
						<line number="89" hits="0"/>
						<line number="90" hits="0"/>
						<line number="92" hits="0"/>
						<line number="94" hits="1"/>
						<line number="106" hits="0"/>
						<line number="109" hits="0"/>
						<line number="112" hits="0"/>
						<line number="114" hits="0"/>
						<line number="116" hits="1"/>
						<line number="125" hits="0"/>
						<line number="126" hits="0"/>
						<line number="128" hits="0"/>
						<line number="130" hits="1"/>
						<line number="139" hits="0"/>
						<line number="140" hits="0"/>
						<line number="141" hits="0"/>
						<line number="142" hits="0"/>
						<line number="143" hits="0"/>
						<line number="144" hits="0"/>
						<line number="145" hits="0"/>
						<line number="147" hits="1"/>
						<line number="154" hits="0"/>
						<line number="155" hits="0"/>
						<line number="156" hits="0"/>
						<line number="157" hits="0"/>
						<line number="158" hits="0"/>
					</lines>
				</class>
				<class name="language.py" filename="src/memory_classification_engine/utils/language.py" complexity="0" line-rate="0.4773" branch-rate="0.2059">
					<methods/>
					<lines>
						<line number="1" hits="1"/>
						<line number="2" hits="1"/>
						<line number="4" hits="1"/>
						<line number="5" hits="1"/>
						<line number="6" hits="1"/>
						<line number="7" hits="0"/>
						<line number="8" hits="0"/>
						<line number="9" hits="0"/>
						<line number="11" hits="1"/>
						<line number="12" hits="1"/>
						<line number="13" hits="1"/>
						<line number="14" hits="0"/>
						<line number="15" hits="0"/>
						<line number="17" hits="1"/>
						<line number="21" hits="1"/>
						<line number="35" hits="1"/>
						<line number="116" hits="1"/>
						<line number="128" hits="1"/>
						<line number="130" hits="1"/>
						<line number="132" hits="1"/>
						<line number="141" hits="1" branch="true" condition-coverage="50% (1/2)" missing-branches="142"/>
						<line number="142" hits="0"/>
						<line number="144" hits="1"/>
						<line number="145" hits="1"/>
						<line number="146" hits="1"/>
						<line number="148" hits="1" branch="true" condition-coverage="50% (1/2)" missing-branches="149"/>
						<line number="149" hits="0"/>
						<line number="151" hits="1" branch="true" condition-coverage="50% (1/2)" missing-branches="152"/>
						<line number="152" hits="0"/>
						<line number="154" hits="1" branch="true" condition-coverage="50% (1/2)" missing-branches="165"/>
						<line number="155" hits="1"/>
						<line number="156" hits="1"/>
						<line number="157" hits="1" branch="true" condition-coverage="50% (1/2)" missing-branches="165"/>
						<line number="158" hits="1"/>
						<line number="159" hits="1"/>
						<line number="160" hits="1"/>
						<line number="161" hits="1"/>
						<line number="162" hits="0"/>
						<line number="163" hits="0"/>
						<line number="165" hits="0" branch="true" condition-coverage="0% (0/2)" missing-branches="166,173"/>
						<line number="166" hits="0"/>
						<line number="167" hits="0"/>
						<line number="168" hits="0"/>
						<line number="169" hits="0"/>
						<line number="170" hits="0"/>
						<line number="171" hits="0"/>
						<line number="173" hits="0"/>
						<line number="175" hits="1"/>
						<line number="185" hits="1"/>
						<line number="192" hits="1"/>
						<line number="194" hits="1"/>
						<line number="204" hits="1" branch="true" condition-coverage="50% (1/2)" missing-branches="210"/>
						<line number="205" hits="1" branch="true" condition-coverage="50% (1/2)" missing-branches="209"/>
						<line number="206" hits="1"/>
						<line number="209" hits="0"/>
						<line number="210" hits="0"/>
						<line number="212" hits="1"/>
						<line number="221" hits="0"/>
						<line number="223" hits="1"/>
						<line number="232" hits="0"/>
						<line number="234" hits="1"/>
						<line number="243" hits="0"/>
						<line number="245" hits="1"/>
						<line number="256" hits="0"/>
						<line number="257" hits="0"/>
						<line number="259" hits="0" branch="true" condition-coverage="0% (0/2)" missing-branches="260,270"/>
						<line number="260" hits="0" branch="true" condition-coverage="0% (0/2)" missing-branches="261,266"/>
						<line number="261" hits="0" branch="true" condition-coverage="0% (0/2)" missing-branches="259,262"/>
						<line number="262" hits="0" branch="true" condition-coverage="0% (0/2)" missing-branches="261,263"/>
						<line number="263" hits="0"/>
						<line number="266" hits="0" branch="true" condition-coverage="0% (0/2)" missing-branches="259,267"/>
						<line number="267" hits="0" branch="true" condition-coverage="0% (0/2)" missing-branches="266,268"/>
						<line number="268" hits="0"/>
						<line number="270" hits="0"/>
						<line number="272" hits="1"/>
						<line number="282" hits="0"/>
						<line number="283" hits="0"/>
						<line number="285" hits="0" branch="true" condition-coverage="0% (0/2)" missing-branches="286,299"/>
						<line number="286" hits="0" branch="true" condition-coverage="0% (0/2)" missing-branches="287,290"/>
						<line number="287" hits="0"/>
						<line number="290" hits="0"/>
						<line number="292" hits="0"/>
						<line number="293" hits="0" branch="true" condition-coverage="0% (0/2)" missing-branches="285,295"/>
						<line number="295" hits="0"/>
						<line number="296" hits="0"/>
						<line number="299" hits="0"/>
						<line number="301" hits="0"/>
						<line number="304" hits="1"/>
					</lines>
				</class>
				<class name="logger.py" filename="src/memory_classification_engine/utils/logger.py" complexity="0" line-rate="0.8333" branch-rate="0.5">
					<methods/>
					<lines>
						<line number="1" hits="1"/>
						<line number="2" hits="1"/>
						<line number="3" hits="1"/>
						<line number="4" hits="1"/>
						<line number="7" hits="1"/>
						<line number="8" hits="1"/>
						<line number="9" hits="1"/>
						<line number="10" hits="1"/>
						<line number="12" hits="1" branch="true" condition-coverage="50% (1/2)" missing-branches="exit"/>
						<line number="13" hits="1"/>
						<line number="16" hits="1"/>
						<line number="17" hits="1"/>
						<line number="18" hits="1"/>
						<line number="21" hits="1"/>
						<line number="22" hits="1"/>
						<line number="23" hits="1"/>
						<line number="26" hits="1"/>
						<line number="27" hits="1"/>
						<line number="28" hits="0"/>
						<line number="29" hits="0"/>
						<line number="31" hits="1"/>
						<line number="32" hits="1"/>
						<line number="33" hits="1"/>
						<line number="36" hits="1"/>
						<line number="37" hits="1"/>
						<line number="39" hits="1"/>
						<line number="40" hits="1"/>
						<line number="42" hits="1"/>
						<line number="43" hits="0"/>
						<line number="45" hits="1"/>
						<line number="46" hits="0"/>
						<line number="48" hits="1"/>
						<line number="49" hits="0"/>
						<line number="51" hits="1"/>
						<line number="52" hits="0"/>
						<line number="55" hits="1"/>
					</lines>
				</class>
				<class name="validators.py" filename="src/memory_classification_engine/utils/validators.py" complexity="0" line-rate="0.1573" branch-rate="0">
					<methods/>
					<lines>
						<line number="9" hits="1"/>
						<line number="11" hits="1"/>
						<line number="14" hits="1"/>
						<line number="24" hits="0" branch="true" condition-coverage="0% (0/2)" missing-branches="25,27"/>
						<line number="25" hits="0"/>
						<line number="27" hits="0" branch="true" condition-coverage="0% (0/2)" missing-branches="28,30"/>
						<line number="28" hits="0"/>
						<line number="30" hits="0" branch="true" condition-coverage="0% (0/2)" missing-branches="exit,31"/>
						<line number="31" hits="0"/>
						<line number="36" hits="1"/>
						<line number="45" hits="0" branch="true" condition-coverage="0% (0/2)" missing-branches="46,48"/>
						<line number="46" hits="0"/>
						<line number="48" hits="0" branch="true" condition-coverage="0% (0/2)" missing-branches="49,52"/>
						<line number="49" hits="0"/>
						<line number="52" hits="0" branch="true" condition-coverage="0% (0/2)" missing-branches="exit,53"/>
						<line number="53" hits="0"/>
						<line number="56" hits="1"/>
						<line number="65" hits="0" branch="true" condition-coverage="0% (0/2)" missing-branches="66,68"/>
						<line number="66" hits="0"/>
						<line number="68" hits="0" branch="true" condition-coverage="0% (0/2)" missing-branches="69,71"/>
						<line number="69" hits="0"/>
						<line number="71" hits="0" branch="true" condition-coverage="0% (0/2)" missing-branches="72,75"/>
						<line number="72" hits="0"/>
						<line number="75" hits="0" branch="true" condition-coverage="0% (0/2)" missing-branches="exit,76"/>
						<line number="76" hits="0"/>
						<line number="79" hits="1"/>
						<line number="88" hits="0" branch="true" condition-coverage="0% (0/2)" missing-branches="89,91"/>
						<line number="89" hits="0"/>
						<line number="91" hits="0" branch="true" condition-coverage="0% (0/2)" missing-branches="92,94"/>
						<line number="92" hits="0"/>
						<line number="94" hits="0" branch="true" condition-coverage="0% (0/2)" missing-branches="95,98"/>
						<line number="95" hits="0"/>
						<line number="98" hits="0" branch="true" condition-coverage="0% (0/2)" missing-branches="exit,99"/>
						<line number="99" hits="0"/>
						<line number="105" hits="1"/>
						<line number="115" hits="0" branch="true" condition-coverage="0% (0/2)" missing-branches="116,118"/>
						<line number="116" hits="0"/>
						<line number="118" hits="0" branch="true" condition-coverage="0% (0/2)" missing-branches="119,121"/>
						<line number="119" hits="0"/>
						<line number="121" hits="0" branch="true" condition-coverage="0% (0/2)" missing-branches="exit,122"/>
						<line number="122" hits="0"/>
						<line number="125" hits="1"/>
						<line number="135" hits="0" branch="true" condition-coverage="0% (0/2)" missing-branches="136,138"/>
						<line number="136" hits="0"/>
						<line number="138" hits="0" branch="true" condition-coverage="0% (0/2)" missing-branches="139,141"/>
						<line number="139" hits="0"/>
						<line number="141" hits="0"/>
						<line number="142" hits="0" branch="true" condition-coverage="0% (0/2)" missing-branches="exit,143"/>
						<line number="143" hits="0"/>
						<line number="149" hits="1"/>
						<line number="159" hits="0" branch="true" condition-coverage="0% (0/2)" missing-branches="160,162"/>
						<line number="160" hits="0"/>
						<line number="162" hits="0" branch="true" condition-coverage="0% (0/2)" missing-branches="163,165"/>
						<line number="163" hits="0"/>
						<line number="165" hits="0" branch="true" condition-coverage="0% (0/2)" missing-branches="exit,166"/>
						<line number="166" hits="0"/>
						<line number="172" hits="1"/>
						<line number="181" hits="0" branch="true" condition-coverage="0% (0/2)" missing-branches="182,186"/>
						<line number="182" hits="0"/>
						<line number="186" hits="0" branch="true" condition-coverage="0% (0/2)" missing-branches="exit,187"/>
						<line number="187" hits="0"/>
						<line number="192" hits="1"/>
						<line number="200" hits="0" branch="true" condition-coverage="0% (0/2)" missing-branches="201,203"/>
						<line number="201" hits="0"/>
						<line number="203" hits="0" branch="true" condition-coverage="0% (0/2)" missing-branches="exit,204"/>
						<line number="204" hits="0"/>
						<line number="207" hits="1"/>
						<line number="216" hits="0" branch="true" condition-coverage="0% (0/2)" missing-branches="217,219"/>
						<line number="217" hits="0"/>
						<line number="219" hits="0" branch="true" condition-coverage="0% (0/2)" missing-branches="220,222"/>
						<line number="220" hits="0"/>
						<line number="222" hits="0" branch="true" condition-coverage="0% (0/2)" missing-branches="exit,223"/>
						<line number="223" hits="0"/>
						<line number="226" hits="1"/>
						<line number="235" hits="0" branch="true" condition-coverage="0% (0/2)" missing-branches="236,238"/>
						<line number="236" hits="0"/>
						<line number="238" hits="0" branch="true" condition-coverage="0% (0/2)" missing-branches="239,241"/>
						<line number="239" hits="0"/>
						<line number="241" hits="0" branch="true" condition-coverage="0% (0/2)" missing-branches="exit,242"/>
						<line number="242" hits="0"/>
						<line number="247" hits="1"/>
						<line number="256" hits="0" branch="true" condition-coverage="0% (0/2)" missing-branches="257,259"/>
						<line number="257" hits="0"/>
						<line number="259" hits="0" branch="true" condition-coverage="0% (0/2)" missing-branches="260,262"/>
						<line number="260" hits="0"/>
						<line number="262" hits="0" branch="true" condition-coverage="0% (0/2)" missing-branches="263,265"/>
						<line number="263" hits="0"/>
						<line number="265" hits="0" branch="true" condition-coverage="0% (0/2)" missing-branches="exit,266"/>
						<line number="266" hits="0"/>
					</lines>
				</class>
			</classes>
		</package>
	</packages>
</coverage>
